<!DOCTYPE html>
<html>
<head>
<meta http-equiv="Content-Type" content="text/html; charset=utf-8"/>
<meta http-equiv="x-ua-compatible" content="IE=edge"/>
<title>Test results - AssessServiceTest</title>
<link href="../css/base-style.css" rel="stylesheet" type="text/css"/>
<link href="../css/style.css" rel="stylesheet" type="text/css"/>
<script src="../js/report.js" type="text/javascript"></script>
</head>
<body>
<div id="content">
<h1>AssessServiceTest</h1>
<div class="breadcrumbs">
<a href="../index.html">all</a> &gt; 
<a href="../packages/com.mediscreen.abernathyapp.assess.unit.html">com.mediscreen.abernathyapp.assess.unit</a> &gt; AssessServiceTest</div>
<div id="summary">
<table>
<tr>
<td>
<div class="summaryGroup">
<table>
<tr>
<td>
<div class="infoBox" id="tests">
<div class="counter">10</div>
<p>tests</p>
</div>
</td>
<td>
<div class="infoBox" id="failures">
<div class="counter">0</div>
<p>failures</p>
</div>
</td>
<td>
<div class="infoBox" id="ignored">
<div class="counter">0</div>
<p>ignored</p>
</div>
</td>
<td>
<div class="infoBox" id="duration">
<div class="counter">0.907s</div>
<p>duration</p>
</div>
</td>
</tr>
</table>
</div>
</td>
<td>
<div class="infoBox success" id="successRate">
<div class="percent">100%</div>
<p>successful</p>
</div>
</td>
</tr>
</table>
</div>
<div id="tabs">
<ul class="tabLinks">
<li>
<a href="#tab0">Tests</a>
</li>
<li>
<a href="#tab1">Standard output</a>
</li>
</ul>
<div id="tab0" class="tab">
<h2>Tests</h2>
<table>
<thead>
<tr>
<th>Test</th>
<th>Method name</th>
<th>Duration</th>
<th>Result</th>
</tr>
</thead>
<tr>
<td class="success">1 Given_Patient_When_assessPatientDiabeteStatus_Then_returnAccordingStatus(PatientCase) receive expected assessment</td>
<td class="success">Given_Patient_When_assessPatientDiabeteStatus_Then_returnAccordingStatus(PatientCase)[1]</td>
<td class="success">0.718s</td>
<td class="success">passed</td>
</tr>
<tr>
<td class="success">2 Given_Patient_When_assessPatientDiabeteStatus_Then_returnAccordingStatus(PatientCase) receive expected assessment</td>
<td class="success">Given_Patient_When_assessPatientDiabeteStatus_Then_returnAccordingStatus(PatientCase)[2]</td>
<td class="success">0.022s</td>
<td class="success">passed</td>
</tr>
<tr>
<td class="success">3 Given_Patient_When_assessPatientDiabeteStatus_Then_returnAccordingStatus(PatientCase) receive expected assessment</td>
<td class="success">Given_Patient_When_assessPatientDiabeteStatus_Then_returnAccordingStatus(PatientCase)[3]</td>
<td class="success">0.019s</td>
<td class="success">passed</td>
</tr>
<tr>
<td class="success">4 Given_Patient_When_assessPatientDiabeteStatus_Then_returnAccordingStatus(PatientCase) receive expected assessment</td>
<td class="success">Given_Patient_When_assessPatientDiabeteStatus_Then_returnAccordingStatus(PatientCase)[4]</td>
<td class="success">0.021s</td>
<td class="success">passed</td>
</tr>
<tr>
<td class="success">5 Given_Patient_When_assessPatientDiabeteStatus_Then_returnAccordingStatus(PatientCase) receive expected assessment</td>
<td class="success">Given_Patient_When_assessPatientDiabeteStatus_Then_returnAccordingStatus(PatientCase)[5]</td>
<td class="success">0.018s</td>
<td class="success">passed</td>
</tr>
<tr>
<td class="success">6 Given_Patient_When_assessPatientDiabeteStatus_Then_returnAccordingStatus(PatientCase) receive expected assessment</td>
<td class="success">Given_Patient_When_assessPatientDiabeteStatus_Then_returnAccordingStatus(PatientCase)[6]</td>
<td class="success">0.021s</td>
<td class="success">passed</td>
</tr>
<tr>
<td class="success">7 Given_Patient_When_assessPatientDiabeteStatus_Then_returnAccordingStatus(PatientCase) receive expected assessment</td>
<td class="success">Given_Patient_When_assessPatientDiabeteStatus_Then_returnAccordingStatus(PatientCase)[7]</td>
<td class="success">0.024s</td>
<td class="success">passed</td>
</tr>
<tr>
<td class="success">8 Given_Patient_When_assessPatientDiabeteStatus_Then_returnAccordingStatus(PatientCase) receive expected assessment</td>
<td class="success">Given_Patient_When_assessPatientDiabeteStatus_Then_returnAccordingStatus(PatientCase)[8]</td>
<td class="success">0.024s</td>
<td class="success">passed</td>
</tr>
<tr>
<td class="success">9 Given_Patient_When_assessPatientDiabeteStatus_Then_returnAccordingStatus(PatientCase) receive expected assessment</td>
<td class="success">Given_Patient_When_assessPatientDiabeteStatus_Then_returnAccordingStatus(PatientCase)[9]</td>
<td class="success">0.019s</td>
<td class="success">passed</td>
</tr>
<tr>
<td class="success">Given_anyProxyReturnBadRequest_When_assessPatientDiabeteStatus_Then_ThrowNoSuchElementException()</td>
<td class="success">Given_anyProxyReturnBadRequest_When_assessPatientDiabeteStatus_Then_ThrowNoSuchElementException()</td>
<td class="success">0.021s</td>
<td class="success">passed</td>
</tr>
</table>
</div>
<div id="tab1" class="tab">
<h2>Standard output</h2>
<span class="code">
<pre>14:29:12.266 [Test worker] DEBUG org.springframework.test.context.BootstrapUtils - Instantiating CacheAwareContextLoaderDelegate from class [org.springframework.test.context.cache.DefaultCacheAwareContextLoaderDelegate]
14:29:12.324 [Test worker] DEBUG org.springframework.test.context.BootstrapUtils - Instantiating BootstrapContext using constructor [public org.springframework.test.context.support.DefaultBootstrapContext(java.lang.Class,org.springframework.test.context.CacheAwareContextLoaderDelegate)]
14:29:12.423 [Test worker] DEBUG org.springframework.test.context.BootstrapUtils - Instantiating TestContextBootstrapper for test class [com.mediscreen.abernathyapp.assess.unit.AssessServiceTest] from class [org.springframework.boot.test.context.SpringBootTestContextBootstrapper]
14:29:12.471 [Test worker] INFO org.springframework.boot.test.context.SpringBootTestContextBootstrapper - Neither @ContextConfiguration nor @ContextHierarchy found for test class [com.mediscreen.abernathyapp.assess.unit.AssessServiceTest], using SpringBootContextLoader
14:29:12.487 [Test worker] DEBUG org.springframework.test.context.support.AbstractContextLoader - Did not detect default resource location for test class [com.mediscreen.abernathyapp.assess.unit.AssessServiceTest]: class path resource [com/mediscreen/abernathyapp/assess/unit/AssessServiceTest-context.xml] does not exist
14:29:12.489 [Test worker] DEBUG org.springframework.test.context.support.AbstractContextLoader - Did not detect default resource location for test class [com.mediscreen.abernathyapp.assess.unit.AssessServiceTest]: class path resource [com/mediscreen/abernathyapp/assess/unit/AssessServiceTestContext.groovy] does not exist
14:29:12.490 [Test worker] INFO org.springframework.test.context.support.AbstractContextLoader - Could not detect default resource locations for test class [com.mediscreen.abernathyapp.assess.unit.AssessServiceTest]: no resource found for suffixes {-context.xml, Context.groovy}.
14:29:12.492 [Test worker] DEBUG org.springframework.test.context.support.AnnotationConfigContextLoaderUtils - Ignoring class [com.mediscreen.abernathyapp.assess.unit.AssessServiceTest$PatientCase]; it must be static, non-private, non-final, and annotated with @Configuration to be considered a default configuration class.
14:29:12.493 [Test worker] INFO org.springframework.test.context.support.AnnotationConfigContextLoaderUtils - Could not detect default configuration classes for test class [com.mediscreen.abernathyapp.assess.unit.AssessServiceTest]: AssessServiceTest does not declare any static, non-private, non-final, nested classes annotated with @Configuration.
14:29:12.874 [Test worker] DEBUG org.springframework.context.annotation.ClassPathScanningCandidateComponentProvider - Identified candidate component class: file [/home/thibaut/IdeaProjects/AbernathyClinic/abernathy-app/assess/build/classes/java/main/com/mediscreen/abernathyapp/assess/AssessApplication.class]
14:29:12.876 [Test worker] INFO org.springframework.boot.test.context.SpringBootTestContextBootstrapper - Found @SpringBootConfiguration com.mediscreen.abernathyapp.assess.AssessApplication for test class com.mediscreen.abernathyapp.assess.unit.AssessServiceTest
14:29:13.252 [Test worker] DEBUG org.springframework.boot.test.context.SpringBootTestContextBootstrapper - @TestExecutionListeners is not present for class [com.mediscreen.abernathyapp.assess.unit.AssessServiceTest]: using defaults.
14:29:13.254 [Test worker] INFO org.springframework.boot.test.context.SpringBootTestContextBootstrapper - Loaded default TestExecutionListener class names from location [META-INF/spring.factories]: [org.springframework.boot.test.autoconfigure.restdocs.RestDocsTestExecutionListener, org.springframework.boot.test.autoconfigure.web.client.MockRestServiceServerResetTestExecutionListener, org.springframework.boot.test.autoconfigure.web.servlet.MockMvcPrintOnlyOnFailureTestExecutionListener, org.springframework.boot.test.autoconfigure.web.servlet.WebDriverTestExecutionListener, org.springframework.boot.test.mock.mockito.MockitoTestExecutionListener, org.springframework.boot.test.mock.mockito.ResetMocksTestExecutionListener, org.springframework.test.context.web.ServletTestExecutionListener, org.springframework.test.context.support.DirtiesContextBeforeModesTestExecutionListener, org.springframework.test.context.support.DependencyInjectionTestExecutionListener, org.springframework.test.context.support.DirtiesContextTestExecutionListener, org.springframework.test.context.transaction.TransactionalTestExecutionListener, org.springframework.test.context.jdbc.SqlScriptsTestExecutionListener, org.springframework.test.context.event.EventPublishingTestExecutionListener]
14:29:13.290 [Test worker] DEBUG org.springframework.boot.test.context.SpringBootTestContextBootstrapper - Skipping candidate TestExecutionListener [org.springframework.test.context.transaction.TransactionalTestExecutionListener] due to a missing dependency. Specify custom listener classes or make the default listener classes and their required dependencies available. Offending class: [org/springframework/transaction/interceptor/TransactionAttributeSource]
14:29:13.292 [Test worker] DEBUG org.springframework.boot.test.context.SpringBootTestContextBootstrapper - Skipping candidate TestExecutionListener [org.springframework.test.context.jdbc.SqlScriptsTestExecutionListener] due to a missing dependency. Specify custom listener classes or make the default listener classes and their required dependencies available. Offending class: [org/springframework/transaction/interceptor/TransactionAttribute]
14:29:13.293 [Test worker] INFO org.springframework.boot.test.context.SpringBootTestContextBootstrapper - Using TestExecutionListeners: [org.springframework.test.context.web.ServletTestExecutionListener@7ff101e2, org.springframework.test.context.support.DirtiesContextBeforeModesTestExecutionListener@1b9b7fbe, org.springframework.boot.test.mock.mockito.MockitoTestExecutionListener@673d7a, org.springframework.boot.test.autoconfigure.SpringBootDependencyInjectionTestExecutionListener@6e341338, org.springframework.test.context.support.DirtiesContextTestExecutionListener@19bdf10d, org.springframework.test.context.event.EventPublishingTestExecutionListener@591b1b0b, org.springframework.boot.test.autoconfigure.restdocs.RestDocsTestExecutionListener@60ae61bf, org.springframework.boot.test.autoconfigure.web.client.MockRestServiceServerResetTestExecutionListener@2ecd0341, org.springframework.boot.test.autoconfigure.web.servlet.MockMvcPrintOnlyOnFailureTestExecutionListener@580eaa0c, org.springframework.boot.test.autoconfigure.web.servlet.WebDriverTestExecutionListener@59cc3145, org.springframework.boot.test.mock.mockito.ResetMocksTestExecutionListener@4afc105a]
14:29:13.303 [Test worker] DEBUG org.springframework.test.context.support.AbstractDirtiesContextTestExecutionListener - Before test class: context [DefaultTestContext@4d2e4418 testClass = AssessServiceTest, testInstance = [null], testMethod = [null], testException = [null], mergedContextConfiguration = [WebMergedContextConfiguration@702cea48 testClass = AssessServiceTest, locations = '{}', classes = '{class com.mediscreen.abernathyapp.assess.AssessApplication}', contextInitializerClasses = '[]', activeProfiles = '{test}', propertySourceLocations = '{}', propertySourceProperties = '{org.springframework.boot.test.context.SpringBootTestContextBootstrapper=true}', contextCustomizers = set[org.springframework.boot.test.autoconfigure.properties.PropertyMappingContextCustomizer@0, org.springframework.boot.test.autoconfigure.web.servlet.WebDriverContextCustomizerFactory$Customizer@359013a4, org.springframework.boot.test.context.filter.ExcludeFilterContextCustomizer@3191dcfe, org.springframework.boot.test.json.DuplicateJsonObjectContextCustomizerFactory$DuplicateJsonObjectContextCustomizer@6a795e6f, org.springframework.boot.test.mock.mockito.MockitoContextCustomizer@6693e9ef, org.springframework.boot.test.web.client.TestRestTemplateContextCustomizer@7d368de2], resourceBasePath = 'src/main/webapp', contextLoader = 'org.springframework.boot.test.context.SpringBootContextLoader', parent = [null]], attributes = map['org.springframework.test.context.web.ServletTestExecutionListener.activateListener' -&gt; true]], class annotated with @DirtiesContext [false] with mode [null].
14:29:13.500 [Test worker] DEBUG org.springframework.test.context.support.TestPropertySourceUtils - Adding inlined properties to environment: {spring.jmx.enabled=false, org.springframework.boot.test.context.SpringBootTestContextBootstrapper=true, server.port=-1}
2021-02-18 14:29:16.411  INFO [assess,,,] 24626 --- [    Test worker] trationDelegate$BeanPostProcessorChecker : Bean 'org.springframework.retry.annotation.RetryConfiguration' of type [org.springframework.retry.annotation.RetryConfiguration] is not eligible for getting processed by all BeanPostProcessors (for example: not eligible for auto-proxying)

  .   ____          _            __ _ _
 /\\ / ___'_ __ _ _(_)_ __  __ _ \ \ \ \
( ( )\___ | '_ | '_| | '_ \/ _` | \ \ \ \
 \\/  ___)| |_)| | | | | || (_| |  ) ) ) )
  '  |____| .__|_| |_|_| |_\__, | / / / /
 =========|_|==============|___/=/_/_/_/
 :: Spring Boot ::        (v2.2.6.RELEASE)

2021-02-18 14:29:16.817  INFO [assess,,,] 24626 --- [    Test worker] c.m.a.assess.unit.AssessServiceTest      : The following profiles are active: test
2021-02-18 14:29:20.180  INFO [assess,,,] 24626 --- [    Test worker] o.s.cloud.context.scope.GenericScope     : BeanFactory id=b8b026cc-11a8-327f-b4ee-50e82b93e0a7
2021-02-18 14:29:24.907  WARN [assess,,,] 24626 --- [    Test worker] c.n.c.sources.URLConfigurationSource     : No URLs will be polled as dynamic configuration sources.
2021-02-18 14:29:24.911  INFO [assess,,,] 24626 --- [    Test worker] c.n.c.sources.URLConfigurationSource     : To enable URLs as dynamic configuration sources, define System property archaius.configurationSource.additionalUrls or make config.properties available on classpath.
2021-02-18 14:29:24.929  WARN [assess,,,] 24626 --- [    Test worker] c.n.c.sources.URLConfigurationSource     : No URLs will be polled as dynamic configuration sources.
2021-02-18 14:29:24.931  INFO [assess,,,] 24626 --- [    Test worker] c.n.c.sources.URLConfigurationSource     : To enable URLs as dynamic configuration sources, define System property archaius.configurationSource.additionalUrls or make config.properties available on classpath.
2021-02-18 14:29:26.825  INFO [assess,,,] 24626 --- [    Test worker] o.s.s.concurrent.ThreadPoolTaskExecutor  : Initializing ExecutorService 'applicationTaskExecutor'
2021-02-18 14:29:29.317  INFO [assess,,,] 24626 --- [    Test worker] DiscoveryClientOptionalArgsConfiguration : Eureka HTTP Client uses Jersey
2021-02-18 14:29:29.538  WARN [assess,,,] 24626 --- [    Test worker] ockingLoadBalancerClientRibbonWarnLogger : You already have RibbonLoadBalancerClient on your classpath. It will be used by default. As Spring Cloud Ribbon is in maintenance mode. We recommend switching to BlockingLoadBalancerClient instead. In order to use it, set the value of `spring.cloud.loadbalancer.ribbon.enabled` to `false` or remove spring-cloud-starter-netflix-ribbon from your project.
2021-02-18 14:29:29.879  WARN [assess,,,] 24626 --- [    Test worker] o.s.c.s.zipkin2.ZipkinAutoConfiguration  : Check result of the [RestTemplateSender{http://localhost:9411/api/v2/spans}] contains an error [CheckResult{ok=false, error=org.springframework.web.client.ResourceAccessException: I/O error on POST request for &quot;http://localhost:9411/api/v2/spans&quot;: Connexion refusée; nested exception is java.net.ConnectException: Connexion refusée}]
2021-02-18 14:29:31.400  INFO [assess,,,] 24626 --- [    Test worker] o.s.b.a.e.web.EndpointLinksResolver      : Exposing 2 endpoint(s) beneath base path '/actuator'
2021-02-18 14:29:31.583  INFO [assess,,,] 24626 --- [    Test worker] c.m.a.assess.unit.AssessServiceTest      : Started AssessServiceTest in 18.033 seconds (JVM running for 22.622)
</pre>
</span>
</div>
</div>
<div id="footer">
<p>
<div>
<label class="hidden" id="label-for-line-wrapping-toggle" for="line-wrapping-toggle">Wrap lines
<input id="line-wrapping-toggle" type="checkbox" autocomplete="off"/>
</label>
</div>Generated by 
<a href="http://www.gradle.org">Gradle 6.5.1</a> at 18 févr. 2021 à 14:29:45</p>
</div>
</div>
</body>
</html>
